{"C:\\Users\\Dell\\Desktop\\Full Stack\\Exam-Project\\Exam-2\\fapi-exam-project-2-general-Cserne\\backend\\app.js": {"path":"C:\\Users\\Dell\\Desktop\\Full Stack\\Exam-Project\\Exam-2\\fapi-exam-project-2-general-Cserne\\backend\\app.js","statementMap":{"0":{"start":{"line":1,"column":16},"end":{"line":1,"column":34}},"1":{"start":{"line":2,"column":0},"end":{"line":2,"column":32}},"2":{"start":{"line":3,"column":13},"end":{"line":3,"column":28}},"3":{"start":{"line":5,"column":21},"end":{"line":5,"column":47}},"4":{"start":{"line":6,"column":20},"end":{"line":6,"column":45}},"5":{"start":{"line":7,"column":20},"end":{"line":7,"column":51}},"6":{"start":{"line":9,"column":15},"end":{"line":9,"column":32}},"7":{"start":{"line":11,"column":12},"end":{"line":11,"column":21}},"8":{"start":{"line":13,"column":0},"end":{"line":17,"column":2}},"9":{"start":{"line":18,"column":0},"end":{"line":18,"column":24}},"10":{"start":{"line":20,"column":0},"end":{"line":22,"column":2}},"11":{"start":{"line":24,"column":0},"end":{"line":24,"column":37}},"12":{"start":{"line":25,"column":0},"end":{"line":25,"column":35}},"13":{"start":{"line":26,"column":0},"end":{"line":26,"column":26}},"14":{"start":{"line":32,"column":0},"end":{"line":32,"column":21}}},"fnMap":{},"branchMap":{},"s":{"0":2,"1":2,"2":2,"3":2,"4":2,"5":2,"6":2,"7":2,"8":2,"9":2,"10":2,"11":2,"12":2,"13":2,"14":2},"f":{},"b":{},"_coverageSchema":"1a1c01bbd47fc00a2c39e90264f33305004495a9","hash":"2e8a005cbf1cfaa304dcd7632c2d0a1275ae1f23"}
,"C:\\Users\\Dell\\Desktop\\Full Stack\\Exam-Project\\Exam-2\\fapi-exam-project-2-general-Cserne\\backend\\controllers\\helpRequest.js": {"path":"C:\\Users\\Dell\\Desktop\\Full Stack\\Exam-Project\\Exam-2\\fapi-exam-project-2-general-Cserne\\backend\\controllers\\helpRequest.js","statementMap":{"0":{"start":{"line":1,"column":13},"end":{"line":1,"column":38}},"1":{"start":{"line":2,"column":12},"end":{"line":2,"column":35}},"2":{"start":{"line":3,"column":19},"end":{"line":3,"column":41}},"3":{"start":{"line":4,"column":17},"end":{"line":4,"column":36}},"4":{"start":{"line":7,"column":20},"end":{"line":42,"column":1}},"5":{"start":{"line":8,"column":20},"end":{"line":8,"column":36}},"6":{"start":{"line":9,"column":17},"end":{"line":9,"column":30}},"7":{"start":{"line":10,"column":17},"end":{"line":10,"column":30}},"8":{"start":{"line":11,"column":24},"end":{"line":11,"column":44}},"9":{"start":{"line":13,"column":4},"end":{"line":15,"column":5}},"10":{"start":{"line":14,"column":8},"end":{"line":14,"column":65}},"11":{"start":{"line":16,"column":28},"end":{"line":16,"column":39}},"12":{"start":{"line":17,"column":4},"end":{"line":19,"column":5}},"13":{"start":{"line":18,"column":8},"end":{"line":18,"column":39}},"14":{"start":{"line":20,"column":18},"end":{"line":20,"column":53}},"15":{"start":{"line":21,"column":4},"end":{"line":38,"column":6}},"16":{"start":{"line":22,"column":8},"end":{"line":24,"column":9}},"17":{"start":{"line":23,"column":12},"end":{"line":23,"column":49}},"18":{"start":{"line":25,"column":22},"end":{"line":25,"column":29}},"19":{"start":{"line":26,"column":8},"end":{"line":36,"column":10}},"20":{"start":{"line":29,"column":12},"end":{"line":33,"column":13}},"21":{"start":{"line":30,"column":12},"end":{"line":30,"column":53}},"22":{"start":{"line":32,"column":12},"end":{"line":32,"column":48}},"23":{"start":{"line":35,"column":12},"end":{"line":35,"column":29}},"24":{"start":{"line":40,"column":4},"end":{"line":40,"column":18}},"25":{"start":{"line":44,"column":24},"end":{"line":54,"column":1}},"26":{"start":{"line":45,"column":4},"end":{"line":53,"column":7}},"27":{"start":{"line":46,"column":27},"end":{"line":46,"column":29}},"28":{"start":{"line":47,"column":8},"end":{"line":51,"column":10}},"29":{"start":{"line":48,"column":12},"end":{"line":50,"column":14}},"30":{"start":{"line":49,"column":16},"end":{"line":49,"column":37}},"31":{"start":{"line":52,"column":8},"end":{"line":52,"column":31}},"32":{"start":{"line":56,"column":26},"end":{"line":71,"column":1}},"33":{"start":{"line":58,"column":4},"end":{"line":70,"column":2}},"34":{"start":{"line":59,"column":27},"end":{"line":59,"column":29}},"35":{"start":{"line":60,"column":8},"end":{"line":67,"column":10}},"36":{"start":{"line":61,"column":12},"end":{"line":66,"column":14}},"37":{"start":{"line":62,"column":16},"end":{"line":65,"column":17}},"38":{"start":{"line":64,"column":20},"end":{"line":64,"column":41}},"39":{"start":{"line":68,"column":8},"end":{"line":68,"column":31}},"40":{"start":{"line":73,"column":17},"end":{"line":106,"column":1}},"41":{"start":{"line":75,"column":28},"end":{"line":75,"column":39}},"42":{"start":{"line":76,"column":4},"end":{"line":78,"column":5}},"43":{"start":{"line":77,"column":8},"end":{"line":77,"column":39}},"44":{"start":{"line":79,"column":18},"end":{"line":79,"column":53}},"45":{"start":{"line":80,"column":4},"end":{"line":104,"column":6}},"46":{"start":{"line":81,"column":8},"end":{"line":83,"column":9}},"47":{"start":{"line":82,"column":12},"end":{"line":82,"column":49}},"48":{"start":{"line":84,"column":22},"end":{"line":84,"column":29}},"49":{"start":{"line":86,"column":28},"end":{"line":86,"column":48}},"50":{"start":{"line":87,"column":23},"end":{"line":87,"column":26}},"51":{"start":{"line":89,"column":4},"end":{"line":101,"column":10}},"52":{"start":{"line":98,"column":12},"end":{"line":98,"column":33}},"53":{"start":{"line":100,"column":12},"end":{"line":100,"column":28}},"54":{"start":{"line":102,"column":8},"end":{"line":102,"column":23}},"55":{"start":{"line":108,"column":19},"end":{"line":136,"column":1}},"56":{"start":{"line":109,"column":28},"end":{"line":109,"column":39}},"57":{"start":{"line":110,"column":4},"end":{"line":112,"column":5}},"58":{"start":{"line":111,"column":8},"end":{"line":111,"column":39}},"59":{"start":{"line":113,"column":18},"end":{"line":113,"column":53}},"60":{"start":{"line":114,"column":4},"end":{"line":134,"column":6}},"61":{"start":{"line":116,"column":8},"end":{"line":118,"column":9}},"62":{"start":{"line":117,"column":12},"end":{"line":117,"column":49}},"63":{"start":{"line":119,"column":22},"end":{"line":119,"column":29}},"64":{"start":{"line":121,"column":4},"end":{"line":132,"column":10}},"65":{"start":{"line":129,"column":12},"end":{"line":129,"column":28}},"66":{"start":{"line":131,"column":12},"end":{"line":131,"column":28}},"67":{"start":{"line":133,"column":8},"end":{"line":133,"column":22}},"68":{"start":{"line":138,"column":17},"end":{"line":146,"column":1}},"69":{"start":{"line":139,"column":4},"end":{"line":145,"column":6}},"70":{"start":{"line":140,"column":8},"end":{"line":144,"column":9}},"71":{"start":{"line":141,"column":12},"end":{"line":141,"column":27}},"72":{"start":{"line":143,"column":12},"end":{"line":143,"column":28}},"73":{"start":{"line":149,"column":0},"end":{"line":149,"column":101}}},"fnMap":{"0":{"name":"(anonymous_0)","decl":{"start":{"line":7,"column":20},"end":{"line":7,"column":21}},"loc":{"start":{"line":7,"column":39},"end":{"line":42,"column":1}},"line":7},"1":{"name":"(anonymous_1)","decl":{"start":{"line":21,"column":34},"end":{"line":21,"column":35}},"loc":{"start":{"line":21,"column":52},"end":{"line":38,"column":5}},"line":21},"2":{"name":"(anonymous_2)","decl":{"start":{"line":28,"column":37},"end":{"line":28,"column":38}},"loc":{"start":{"line":28,"column":47},"end":{"line":34,"column":9}},"line":28},"3":{"name":"(anonymous_3)","decl":{"start":{"line":34,"column":17},"end":{"line":34,"column":18}},"loc":{"start":{"line":34,"column":26},"end":{"line":36,"column":9}},"line":34},"4":{"name":"(anonymous_4)","decl":{"start":{"line":44,"column":24},"end":{"line":44,"column":25}},"loc":{"start":{"line":44,"column":44},"end":{"line":54,"column":1}},"line":44},"5":{"name":"(anonymous_5)","decl":{"start":{"line":45,"column":22},"end":{"line":45,"column":23}},"loc":{"start":{"line":45,"column":30},"end":{"line":53,"column":5}},"line":45},"6":{"name":"(anonymous_6)","decl":{"start":{"line":47,"column":17},"end":{"line":47,"column":18}},"loc":{"start":{"line":47,"column":25},"end":{"line":51,"column":9}},"line":47},"7":{"name":"(anonymous_7)","decl":{"start":{"line":48,"column":32},"end":{"line":48,"column":33}},"loc":{"start":{"line":48,"column":39},"end":{"line":50,"column":13}},"line":48},"8":{"name":"(anonymous_8)","decl":{"start":{"line":56,"column":26},"end":{"line":56,"column":27}},"loc":{"start":{"line":56,"column":45},"end":{"line":71,"column":1}},"line":56},"9":{"name":"(anonymous_9)","decl":{"start":{"line":58,"column":22},"end":{"line":58,"column":23}},"loc":{"start":{"line":58,"column":30},"end":{"line":70,"column":1}},"line":58},"10":{"name":"(anonymous_10)","decl":{"start":{"line":60,"column":17},"end":{"line":60,"column":18}},"loc":{"start":{"line":60,"column":25},"end":{"line":67,"column":9}},"line":60},"11":{"name":"(anonymous_11)","decl":{"start":{"line":61,"column":32},"end":{"line":61,"column":33}},"loc":{"start":{"line":61,"column":39},"end":{"line":66,"column":13}},"line":61},"12":{"name":"(anonymous_12)","decl":{"start":{"line":73,"column":17},"end":{"line":73,"column":18}},"loc":{"start":{"line":73,"column":37},"end":{"line":106,"column":1}},"line":73},"13":{"name":"(anonymous_13)","decl":{"start":{"line":80,"column":34},"end":{"line":80,"column":35}},"loc":{"start":{"line":80,"column":52},"end":{"line":104,"column":5}},"line":80},"14":{"name":"(anonymous_14)","decl":{"start":{"line":97,"column":16},"end":{"line":97,"column":17}},"loc":{"start":{"line":97,"column":24},"end":{"line":99,"column":9}},"line":97},"15":{"name":"(anonymous_15)","decl":{"start":{"line":99,"column":18},"end":{"line":99,"column":19}},"loc":{"start":{"line":99,"column":25},"end":{"line":101,"column":9}},"line":99},"16":{"name":"(anonymous_16)","decl":{"start":{"line":108,"column":19},"end":{"line":108,"column":20}},"loc":{"start":{"line":108,"column":39},"end":{"line":136,"column":1}},"line":108},"17":{"name":"(anonymous_17)","decl":{"start":{"line":114,"column":34},"end":{"line":114,"column":35}},"loc":{"start":{"line":114,"column":52},"end":{"line":134,"column":5}},"line":114},"18":{"name":"(anonymous_18)","decl":{"start":{"line":128,"column":16},"end":{"line":128,"column":17}},"loc":{"start":{"line":128,"column":24},"end":{"line":130,"column":9}},"line":128},"19":{"name":"(anonymous_19)","decl":{"start":{"line":130,"column":18},"end":{"line":130,"column":19}},"loc":{"start":{"line":130,"column":25},"end":{"line":132,"column":9}},"line":130},"20":{"name":"(anonymous_20)","decl":{"start":{"line":138,"column":17},"end":{"line":138,"column":18}},"loc":{"start":{"line":138,"column":37},"end":{"line":146,"column":1}},"line":138},"21":{"name":"(anonymous_21)","decl":{"start":{"line":139,"column":18},"end":{"line":139,"column":19}},"loc":{"start":{"line":139,"column":37},"end":{"line":145,"column":5}},"line":139}},"branchMap":{"0":{"loc":{"start":{"line":13,"column":4},"end":{"line":15,"column":5}},"type":"if","locations":[{"start":{"line":13,"column":4},"end":{"line":15,"column":5}},{"start":{},"end":{}}],"line":13},"1":{"loc":{"start":{"line":13,"column":9},"end":{"line":13,"column":52}},"type":"binary-expr","locations":[{"start":{"line":13,"column":9},"end":{"line":13,"column":17}},{"start":{"line":13,"column":21},"end":{"line":13,"column":27}},{"start":{"line":13,"column":31},"end":{"line":13,"column":36}},{"start":{"line":13,"column":40},"end":{"line":13,"column":52}}],"line":13},"2":{"loc":{"start":{"line":17,"column":4},"end":{"line":19,"column":5}},"type":"if","locations":[{"start":{"line":17,"column":4},"end":{"line":19,"column":5}},{"start":{},"end":{}}],"line":17},"3":{"loc":{"start":{"line":22,"column":8},"end":{"line":24,"column":9}},"type":"if","locations":[{"start":{"line":22,"column":8},"end":{"line":24,"column":9}},{"start":{},"end":{}}],"line":22},"4":{"loc":{"start":{"line":29,"column":12},"end":{"line":33,"column":13}},"type":"if","locations":[{"start":{"line":29,"column":12},"end":{"line":33,"column":13}},{"start":{"line":31,"column":19},"end":{"line":33,"column":13}}],"line":29},"5":{"loc":{"start":{"line":62,"column":16},"end":{"line":65,"column":17}},"type":"if","locations":[{"start":{"line":62,"column":16},"end":{"line":65,"column":17}},{"start":{},"end":{}}],"line":62},"6":{"loc":{"start":{"line":76,"column":4},"end":{"line":78,"column":5}},"type":"if","locations":[{"start":{"line":76,"column":4},"end":{"line":78,"column":5}},{"start":{},"end":{}}],"line":76},"7":{"loc":{"start":{"line":81,"column":8},"end":{"line":83,"column":9}},"type":"if","locations":[{"start":{"line":81,"column":8},"end":{"line":83,"column":9}},{"start":{},"end":{}}],"line":81},"8":{"loc":{"start":{"line":110,"column":4},"end":{"line":112,"column":5}},"type":"if","locations":[{"start":{"line":110,"column":4},"end":{"line":112,"column":5}},{"start":{},"end":{}}],"line":110},"9":{"loc":{"start":{"line":116,"column":8},"end":{"line":118,"column":9}},"type":"if","locations":[{"start":{"line":116,"column":8},"end":{"line":118,"column":9}},{"start":{},"end":{}}],"line":116},"10":{"loc":{"start":{"line":140,"column":8},"end":{"line":144,"column":9}},"type":"if","locations":[{"start":{"line":140,"column":8},"end":{"line":144,"column":9}},{"start":{"line":142,"column":15},"end":{"line":144,"column":9}}],"line":140}},"s":{"0":2,"1":2,"2":2,"3":2,"4":2,"5":0,"6":0,"7":0,"8":0,"9":0,"10":0,"11":0,"12":0,"13":0,"14":0,"15":0,"16":0,"17":0,"18":0,"19":0,"20":0,"21":0,"22":0,"23":0,"24":0,"25":2,"26":0,"27":0,"28":0,"29":0,"30":0,"31":0,"32":2,"33":0,"34":0,"35":0,"36":0,"37":0,"38":0,"39":0,"40":2,"41":0,"42":0,"43":0,"44":0,"45":0,"46":0,"47":0,"48":0,"49":0,"50":0,"51":0,"52":0,"53":0,"54":0,"55":2,"56":0,"57":0,"58":0,"59":0,"60":0,"61":0,"62":0,"63":0,"64":0,"65":0,"66":0,"67":0,"68":2,"69":0,"70":0,"71":0,"72":0,"73":2},"f":{"0":0,"1":0,"2":0,"3":0,"4":0,"5":0,"6":0,"7":0,"8":0,"9":0,"10":0,"11":0,"12":0,"13":0,"14":0,"15":0,"16":0,"17":0,"18":0,"19":0,"20":0,"21":0},"b":{"0":[0,0],"1":[0,0,0,0],"2":[0,0],"3":[0,0],"4":[0,0],"5":[0,0],"6":[0,0],"7":[0,0],"8":[0,0],"9":[0,0],"10":[0,0]},"_coverageSchema":"1a1c01bbd47fc00a2c39e90264f33305004495a9","hash":"bc6aadd902965051d8fa48b18b1225cc88bf3a12"}
,"C:\\Users\\Dell\\Desktop\\Full Stack\\Exam-Project\\Exam-2\\fapi-exam-project-2-general-Cserne\\backend\\controllers\\login.js": {"path":"C:\\Users\\Dell\\Desktop\\Full Stack\\Exam-Project\\Exam-2\\fapi-exam-project-2-general-Cserne\\backend\\controllers\\login.js","statementMap":{"0":{"start":{"line":1,"column":0},"end":{"line":1,"column":27}},"1":{"start":{"line":2,"column":15},"end":{"line":2,"column":32}},"2":{"start":{"line":3,"column":12},"end":{"line":3,"column":35}},"3":{"start":{"line":4,"column":19},"end":{"line":4,"column":44}},"4":{"start":{"line":5,"column":19},"end":{"line":5,"column":41}},"5":{"start":{"line":7,"column":14},"end":{"line":31,"column":1}},"6":{"start":{"line":8,"column":32},"end":{"line":8,"column":40}},"7":{"start":{"line":9,"column":4},"end":{"line":11,"column":5}},"8":{"start":{"line":10,"column":7},"end":{"line":10,"column":74}},"9":{"start":{"line":12,"column":4},"end":{"line":30,"column":6}},"10":{"start":{"line":14,"column":8},"end":{"line":16,"column":9}},"11":{"start":{"line":15,"column":11},"end":{"line":15,"column":75}},"12":{"start":{"line":17,"column":8},"end":{"line":29,"column":10}},"13":{"start":{"line":19,"column":12},"end":{"line":25,"column":13}},"14":{"start":{"line":20,"column":29},"end":{"line":20,"column":71}},"15":{"start":{"line":21,"column":15},"end":{"line":21,"column":44}},"16":{"start":{"line":24,"column":16},"end":{"line":24,"column":80}},"17":{"start":{"line":28,"column":12},"end":{"line":28,"column":28}},"18":{"start":{"line":33,"column":0},"end":{"line":33,"column":23}}},"fnMap":{"0":{"name":"(anonymous_0)","decl":{"start":{"line":7,"column":14},"end":{"line":7,"column":15}},"loc":{"start":{"line":7,"column":34},"end":{"line":31,"column":1}},"line":7},"1":{"name":"(anonymous_1)","decl":{"start":{"line":13,"column":11},"end":{"line":13,"column":12}},"loc":{"start":{"line":13,"column":24},"end":{"line":30,"column":5}},"line":13},"2":{"name":"(anonymous_2)","decl":{"start":{"line":18,"column":14},"end":{"line":18,"column":15}},"loc":{"start":{"line":18,"column":25},"end":{"line":26,"column":9}},"line":18},"3":{"name":"(anonymous_3)","decl":{"start":{"line":27,"column":15},"end":{"line":27,"column":16}},"loc":{"start":{"line":27,"column":22},"end":{"line":29,"column":9}},"line":27}},"branchMap":{"0":{"loc":{"start":{"line":9,"column":4},"end":{"line":11,"column":5}},"type":"if","locations":[{"start":{"line":9,"column":4},"end":{"line":11,"column":5}},{"start":{},"end":{}}],"line":9},"1":{"loc":{"start":{"line":9,"column":8},"end":{"line":9,"column":27}},"type":"binary-expr","locations":[{"start":{"line":9,"column":8},"end":{"line":9,"column":14}},{"start":{"line":9,"column":18},"end":{"line":9,"column":27}}],"line":9},"2":{"loc":{"start":{"line":14,"column":8},"end":{"line":16,"column":9}},"type":"if","locations":[{"start":{"line":14,"column":8},"end":{"line":16,"column":9}},{"start":{},"end":{}}],"line":14},"3":{"loc":{"start":{"line":19,"column":12},"end":{"line":25,"column":13}},"type":"if","locations":[{"start":{"line":19,"column":12},"end":{"line":25,"column":13}},{"start":{"line":23,"column":16},"end":{"line":25,"column":13}}],"line":19}},"s":{"0":2,"1":2,"2":2,"3":2,"4":2,"5":2,"6":4,"7":4,"8":3,"9":1,"10":1,"11":1,"12":0,"13":0,"14":0,"15":0,"16":0,"17":0,"18":2},"f":{"0":4,"1":1,"2":0,"3":0},"b":{"0":[3,1],"1":[4,2],"2":[1,0],"3":[0,0]},"_coverageSchema":"1a1c01bbd47fc00a2c39e90264f33305004495a9","hash":"20c9dd283f15bd8c296de037dcaf0860f209b286"}
,"C:\\Users\\Dell\\Desktop\\Full Stack\\Exam-Project\\Exam-2\\fapi-exam-project-2-general-Cserne\\backend\\controllers\\signup.js": {"path":"C:\\Users\\Dell\\Desktop\\Full Stack\\Exam-Project\\Exam-2\\fapi-exam-project-2-general-Cserne\\backend\\controllers\\signup.js","statementMap":{"0":{"start":{"line":1,"column":0},"end":{"line":1,"column":27}},"1":{"start":{"line":2,"column":15},"end":{"line":2,"column":32}},"2":{"start":{"line":3,"column":24},"end":{"line":3,"column":41}},"3":{"start":{"line":4,"column":19},"end":{"line":4,"column":44}},"4":{"start":{"line":6,"column":17},"end":{"line":36,"column":1}},"5":{"start":{"line":7,"column":42},"end":{"line":7,"column":50}},"6":{"start":{"line":8,"column":2},"end":{"line":10,"column":3}},"7":{"start":{"line":9,"column":5},"end":{"line":9,"column":61}},"8":{"start":{"line":11,"column":2},"end":{"line":35,"column":4}},"9":{"start":{"line":13,"column":6},"end":{"line":15,"column":7}},"10":{"start":{"line":14,"column":8},"end":{"line":14,"column":74}},"11":{"start":{"line":16,"column":6},"end":{"line":30,"column":8}},"12":{"start":{"line":18,"column":25},"end":{"line":22,"column":14}},"13":{"start":{"line":23,"column":12},"end":{"line":29,"column":14}},"14":{"start":{"line":25,"column":16},"end":{"line":25,"column":56}},"15":{"start":{"line":28,"column":16},"end":{"line":28,"column":32}},"16":{"start":{"line":34,"column":4},"end":{"line":34,"column":20}},"17":{"start":{"line":38,"column":0},"end":{"line":38,"column":26}}},"fnMap":{"0":{"name":"(anonymous_0)","decl":{"start":{"line":6,"column":17},"end":{"line":6,"column":18}},"loc":{"start":{"line":6,"column":37},"end":{"line":36,"column":1}},"line":6},"1":{"name":"(anonymous_1)","decl":{"start":{"line":12,"column":8},"end":{"line":12,"column":9}},"loc":{"start":{"line":12,"column":25},"end":{"line":32,"column":3}},"line":12},"2":{"name":"(anonymous_2)","decl":{"start":{"line":17,"column":13},"end":{"line":17,"column":14}},"loc":{"start":{"line":17,"column":31},"end":{"line":30,"column":7}},"line":17},"3":{"name":"(anonymous_3)","decl":{"start":{"line":24,"column":18},"end":{"line":24,"column":19}},"loc":{"start":{"line":24,"column":24},"end":{"line":26,"column":13}},"line":24},"4":{"name":"(anonymous_4)","decl":{"start":{"line":27,"column":20},"end":{"line":27,"column":21}},"loc":{"start":{"line":27,"column":27},"end":{"line":29,"column":13}},"line":27},"5":{"name":"(anonymous_5)","decl":{"start":{"line":33,"column":9},"end":{"line":33,"column":10}},"loc":{"start":{"line":33,"column":14},"end":{"line":35,"column":3}},"line":33}},"branchMap":{"0":{"loc":{"start":{"line":8,"column":2},"end":{"line":10,"column":3}},"type":"if","locations":[{"start":{"line":8,"column":2},"end":{"line":10,"column":3}},{"start":{},"end":{}}],"line":8},"1":{"loc":{"start":{"line":8,"column":6},"end":{"line":8,"column":38}},"type":"binary-expr","locations":[{"start":{"line":8,"column":6},"end":{"line":8,"column":12}},{"start":{"line":8,"column":16},"end":{"line":8,"column":25}},{"start":{"line":8,"column":29},"end":{"line":8,"column":38}}],"line":8},"2":{"loc":{"start":{"line":13,"column":6},"end":{"line":15,"column":7}},"type":"if","locations":[{"start":{"line":13,"column":6},"end":{"line":15,"column":7}},{"start":{},"end":{}}],"line":13}},"s":{"0":2,"1":2,"2":2,"3":2,"4":2,"5":0,"6":0,"7":0,"8":0,"9":0,"10":0,"11":0,"12":0,"13":0,"14":0,"15":0,"16":0,"17":2},"f":{"0":0,"1":0,"2":0,"3":0,"4":0,"5":0},"b":{"0":[0,0],"1":[0,0,0],"2":[0,0]},"_coverageSchema":"1a1c01bbd47fc00a2c39e90264f33305004495a9","hash":"b77dafb4096e764792a767b52c33b53cb72fc19d"}
,"C:\\Users\\Dell\\Desktop\\Full Stack\\Exam-Project\\Exam-2\\fapi-exam-project-2-general-Cserne\\backend\\middleware\\requireLogin.js": {"path":"C:\\Users\\Dell\\Desktop\\Full Stack\\Exam-Project\\Exam-2\\fapi-exam-project-2-general-Cserne\\backend\\middleware\\requireLogin.js","statementMap":{"0":{"start":{"line":1,"column":12},"end":{"line":1,"column":35}},"1":{"start":{"line":2,"column":19},"end":{"line":2,"column":41}},"2":{"start":{"line":3,"column":13},"end":{"line":3,"column":38}},"3":{"start":{"line":5,"column":21},"end":{"line":21,"column":1}},"4":{"start":{"line":6,"column":28},"end":{"line":6,"column":39}},"5":{"start":{"line":7,"column":4},"end":{"line":9,"column":5}},"6":{"start":{"line":8,"column":8},"end":{"line":8,"column":39}},"7":{"start":{"line":10,"column":18},"end":{"line":10,"column":53}},"8":{"start":{"line":11,"column":4},"end":{"line":20,"column":6}},"9":{"start":{"line":12,"column":8},"end":{"line":14,"column":9}},"10":{"start":{"line":13,"column":12},"end":{"line":13,"column":49}},"11":{"start":{"line":15,"column":22},"end":{"line":15,"column":29}},"12":{"start":{"line":16,"column":8},"end":{"line":19,"column":10}},"13":{"start":{"line":17,"column":12},"end":{"line":17,"column":32}},"14":{"start":{"line":18,"column":12},"end":{"line":18,"column":19}},"15":{"start":{"line":23,"column":0},"end":{"line":23,"column":30}}},"fnMap":{"0":{"name":"(anonymous_0)","decl":{"start":{"line":5,"column":21},"end":{"line":5,"column":22}},"loc":{"start":{"line":5,"column":41},"end":{"line":21,"column":1}},"line":5},"1":{"name":"(anonymous_1)","decl":{"start":{"line":11,"column":34},"end":{"line":11,"column":35}},"loc":{"start":{"line":11,"column":52},"end":{"line":20,"column":5}},"line":11},"2":{"name":"(anonymous_2)","decl":{"start":{"line":16,"column":32},"end":{"line":16,"column":33}},"loc":{"start":{"line":16,"column":44},"end":{"line":19,"column":9}},"line":16}},"branchMap":{"0":{"loc":{"start":{"line":7,"column":4},"end":{"line":9,"column":5}},"type":"if","locations":[{"start":{"line":7,"column":4},"end":{"line":9,"column":5}},{"start":{},"end":{}}],"line":7},"1":{"loc":{"start":{"line":12,"column":8},"end":{"line":14,"column":9}},"type":"if","locations":[{"start":{"line":12,"column":8},"end":{"line":14,"column":9}},{"start":{},"end":{}}],"line":12}},"s":{"0":2,"1":2,"2":2,"3":2,"4":0,"5":0,"6":0,"7":0,"8":0,"9":0,"10":0,"11":0,"12":0,"13":0,"14":0,"15":2},"f":{"0":0,"1":0,"2":0},"b":{"0":[0,0],"1":[0,0]},"_coverageSchema":"1a1c01bbd47fc00a2c39e90264f33305004495a9","hash":"c26fdb66dc32d3e8e713d9fa8137ecd3ac3c63c3"}
,"C:\\Users\\Dell\\Desktop\\Full Stack\\Exam-Project\\Exam-2\\fapi-exam-project-2-general-Cserne\\backend\\models\\user.js": {"path":"C:\\Users\\Dell\\Desktop\\Full Stack\\Exam-Project\\Exam-2\\fapi-exam-project-2-general-Cserne\\backend\\models\\user.js","statementMap":{"0":{"start":{"line":1,"column":17},"end":{"line":1,"column":36}},"1":{"start":{"line":3,"column":19},"end":{"line":6,"column":2}},"2":{"start":{"line":8,"column":26},"end":{"line":15,"column":2}},"3":{"start":{"line":17,"column":19},"end":{"line":22,"column":2}},"4":{"start":{"line":24,"column":13},"end":{"line":24,"column":47}},"5":{"start":{"line":26,"column":0},"end":{"line":26,"column":22}}},"fnMap":{},"branchMap":{},"s":{"0":2,"1":2,"2":2,"3":2,"4":2,"5":2},"f":{},"b":{},"_coverageSchema":"1a1c01bbd47fc00a2c39e90264f33305004495a9","hash":"935f9b4ce00bcf9640937dfacce35df834e79129"}
,"C:\\Users\\Dell\\Desktop\\Full Stack\\Exam-Project\\Exam-2\\fapi-exam-project-2-general-Cserne\\backend\\routes\\helpRequest.js": {"path":"C:\\Users\\Dell\\Desktop\\Full Stack\\Exam-Project\\Exam-2\\fapi-exam-project-2-general-Cserne\\backend\\routes\\helpRequest.js","statementMap":{"0":{"start":{"line":1,"column":15},"end":{"line":1,"column":42}},"1":{"start":{"line":2,"column":21},"end":{"line":2,"column":58}},"2":{"start":{"line":3,"column":24},"end":{"line":3,"column":61}},"3":{"start":{"line":4,"column":28},"end":{"line":4,"column":65}},"4":{"start":{"line":5,"column":30},"end":{"line":5,"column":67}},"5":{"start":{"line":6,"column":21},"end":{"line":6,"column":58}},"6":{"start":{"line":7,"column":23},"end":{"line":7,"column":60}},"7":{"start":{"line":9,"column":21},"end":{"line":9,"column":58}},"8":{"start":{"line":11,"column":0},"end":{"line":11,"column":48}},"9":{"start":{"line":12,"column":0},"end":{"line":12,"column":59}},"10":{"start":{"line":13,"column":0},"end":{"line":13,"column":62}},"11":{"start":{"line":14,"column":0},"end":{"line":14,"column":70}},"12":{"start":{"line":15,"column":0},"end":{"line":15,"column":77}},"13":{"start":{"line":16,"column":0},"end":{"line":16,"column":78}},"14":{"start":{"line":18,"column":0},"end":{"line":18,"column":24}}},"fnMap":{},"branchMap":{},"s":{"0":2,"1":2,"2":2,"3":2,"4":2,"5":2,"6":2,"7":2,"8":2,"9":2,"10":2,"11":2,"12":2,"13":2,"14":2},"f":{},"b":{},"_coverageSchema":"1a1c01bbd47fc00a2c39e90264f33305004495a9","hash":"7ea56ecce6a3600e649ab76e075df7700b5f23ed"}
,"C:\\Users\\Dell\\Desktop\\Full Stack\\Exam-Project\\Exam-2\\fapi-exam-project-2-general-Cserne\\backend\\routes\\login.js": {"path":"C:\\Users\\Dell\\Desktop\\Full Stack\\Exam-Project\\Exam-2\\fapi-exam-project-2-general-Cserne\\backend\\routes\\login.js","statementMap":{"0":{"start":{"line":1,"column":15},"end":{"line":1,"column":42}},"1":{"start":{"line":2,"column":14},"end":{"line":2,"column":45}},"2":{"start":{"line":4,"column":0},"end":{"line":4,"column":24}},"3":{"start":{"line":6,"column":0},"end":{"line":6,"column":24}}},"fnMap":{},"branchMap":{},"s":{"0":2,"1":2,"2":2,"3":2},"f":{},"b":{},"_coverageSchema":"1a1c01bbd47fc00a2c39e90264f33305004495a9","hash":"656cc12d4c16d3e4916f91e88a5dd51c464d8f44"}
,"C:\\Users\\Dell\\Desktop\\Full Stack\\Exam-Project\\Exam-2\\fapi-exam-project-2-general-Cserne\\backend\\routes\\signup.js": {"path":"C:\\Users\\Dell\\Desktop\\Full Stack\\Exam-Project\\Exam-2\\fapi-exam-project-2-general-Cserne\\backend\\routes\\signup.js","statementMap":{"0":{"start":{"line":1,"column":15},"end":{"line":1,"column":42}},"1":{"start":{"line":3,"column":17},"end":{"line":3,"column":49}},"2":{"start":{"line":5,"column":0},"end":{"line":5,"column":27}},"3":{"start":{"line":9,"column":0},"end":{"line":9,"column":24}}},"fnMap":{},"branchMap":{},"s":{"0":2,"1":2,"2":2,"3":2},"f":{},"b":{},"_coverageSchema":"1a1c01bbd47fc00a2c39e90264f33305004495a9","hash":"beb54a187d89a4ec2e116af676281fa68a789738"}
,"C:\\Users\\Dell\\Desktop\\Full Stack\\Exam-Project\\Exam-2\\fapi-exam-project-2-general-Cserne\\backend\\tests\\util\\inMemoryDB.js": {"path":"C:\\Users\\Dell\\Desktop\\Full Stack\\Exam-Project\\Exam-2\\fapi-exam-project-2-general-Cserne\\backend\\tests\\util\\inMemoryDB.js","statementMap":{"0":{"start":{"line":1,"column":30},"end":{"line":1,"column":63}},"1":{"start":{"line":2,"column":17},"end":{"line":2,"column":36}},"2":{"start":{"line":4,"column":16},"end":{"line":9,"column":1}},"3":{"start":{"line":5,"column":19},"end":{"line":5,"column":51}},"4":{"start":{"line":6,"column":16},"end":{"line":6,"column":31}},"5":{"start":{"line":7,"column":23},"end":{"line":7,"column":50}},"6":{"start":{"line":8,"column":4},"end":{"line":8,"column":32}},"7":{"start":{"line":11,"column":18},"end":{"line":17,"column":5}},"8":{"start":{"line":15,"column":25},"end":{"line":15,"column":79}},"9":{"start":{"line":15,"column":55},"end":{"line":15,"column":78}},"10":{"start":{"line":16,"column":8},"end":{"line":16,"column":36}},"11":{"start":{"line":19,"column":15},"end":{"line":22,"column":1}},"12":{"start":{"line":20,"column":4},"end":{"line":20,"column":34}},"13":{"start":{"line":21,"column":4},"end":{"line":21,"column":24}},"14":{"start":{"line":24,"column":0},"end":{"line":24,"column":48}}},"fnMap":{"0":{"name":"(anonymous_0)","decl":{"start":{"line":4,"column":16},"end":{"line":4,"column":17}},"loc":{"start":{"line":4,"column":28},"end":{"line":9,"column":1}},"line":4},"1":{"name":"(anonymous_1)","decl":{"start":{"line":11,"column":18},"end":{"line":11,"column":19}},"loc":{"start":{"line":11,"column":46},"end":{"line":17,"column":5}},"line":11},"2":{"name":"(anonymous_2)","decl":{"start":{"line":15,"column":41},"end":{"line":15,"column":42}},"loc":{"start":{"line":15,"column":55},"end":{"line":15,"column":78}},"line":15},"3":{"name":"(anonymous_3)","decl":{"start":{"line":19,"column":15},"end":{"line":19,"column":16}},"loc":{"start":{"line":19,"column":45},"end":{"line":22,"column":1}},"line":19}},"branchMap":{},"s":{"0":1,"1":1,"2":1,"3":1,"4":1,"5":1,"6":1,"7":1,"8":4,"9":4,"10":4,"11":1,"12":1,"13":1,"14":1},"f":{"0":1,"1":4,"2":4,"3":1},"b":{},"_coverageSchema":"1a1c01bbd47fc00a2c39e90264f33305004495a9","hash":"1e82358dddffd6d9a45c236d3c3f760d05e640a8"}
}
