{"C:\\Users\\Dell\\Desktop\\Full Stack\\Exam-Project\\Exam-2\\fapi-exam-project-2-general-Cserne\\backend\\app.js": {"path":"C:\\Users\\Dell\\Desktop\\Full Stack\\Exam-Project\\Exam-2\\fapi-exam-project-2-general-Cserne\\backend\\app.js","statementMap":{"0":{"start":{"line":1,"column":16},"end":{"line":1,"column":34}},"1":{"start":{"line":2,"column":0},"end":{"line":2,"column":32}},"2":{"start":{"line":3,"column":13},"end":{"line":3,"column":28}},"3":{"start":{"line":5,"column":21},"end":{"line":5,"column":47}},"4":{"start":{"line":6,"column":20},"end":{"line":6,"column":45}},"5":{"start":{"line":7,"column":20},"end":{"line":7,"column":51}},"6":{"start":{"line":9,"column":15},"end":{"line":9,"column":32}},"7":{"start":{"line":11,"column":12},"end":{"line":11,"column":21}},"8":{"start":{"line":13,"column":0},"end":{"line":17,"column":2}},"9":{"start":{"line":18,"column":0},"end":{"line":18,"column":24}},"10":{"start":{"line":20,"column":0},"end":{"line":22,"column":2}},"11":{"start":{"line":24,"column":0},"end":{"line":24,"column":37}},"12":{"start":{"line":25,"column":0},"end":{"line":25,"column":35}},"13":{"start":{"line":26,"column":0},"end":{"line":26,"column":26}},"14":{"start":{"line":32,"column":0},"end":{"line":32,"column":21}}},"fnMap":{},"branchMap":{},"s":{"0":1,"1":1,"2":1,"3":1,"4":1,"5":1,"6":1,"7":1,"8":1,"9":1,"10":1,"11":1,"12":1,"13":1,"14":1},"f":{},"b":{},"_coverageSchema":"1a1c01bbd47fc00a2c39e90264f33305004495a9","hash":"2e8a005cbf1cfaa304dcd7632c2d0a1275ae1f23"}
,"C:\\Users\\Dell\\Desktop\\Full Stack\\Exam-Project\\Exam-2\\fapi-exam-project-2-general-Cserne\\backend\\controllers\\helpRequest.js": {"path":"C:\\Users\\Dell\\Desktop\\Full Stack\\Exam-Project\\Exam-2\\fapi-exam-project-2-general-Cserne\\backend\\controllers\\helpRequest.js","statementMap":{"0":{"start":{"line":1,"column":13},"end":{"line":1,"column":38}},"1":{"start":{"line":2,"column":12},"end":{"line":2,"column":35}},"2":{"start":{"line":3,"column":19},"end":{"line":3,"column":41}},"3":{"start":{"line":4,"column":17},"end":{"line":4,"column":36}},"4":{"start":{"line":6,"column":20},"end":{"line":39,"column":1}},"5":{"start":{"line":7,"column":20},"end":{"line":7,"column":36}},"6":{"start":{"line":8,"column":17},"end":{"line":8,"column":30}},"7":{"start":{"line":9,"column":17},"end":{"line":9,"column":30}},"8":{"start":{"line":10,"column":24},"end":{"line":10,"column":44}},"9":{"start":{"line":12,"column":4},"end":{"line":14,"column":5}},"10":{"start":{"line":13,"column":8},"end":{"line":13,"column":65}},"11":{"start":{"line":15,"column":28},"end":{"line":15,"column":39}},"12":{"start":{"line":16,"column":4},"end":{"line":18,"column":5}},"13":{"start":{"line":17,"column":8},"end":{"line":17,"column":39}},"14":{"start":{"line":19,"column":18},"end":{"line":19,"column":53}},"15":{"start":{"line":20,"column":4},"end":{"line":36,"column":6}},"16":{"start":{"line":21,"column":8},"end":{"line":23,"column":9}},"17":{"start":{"line":22,"column":12},"end":{"line":22,"column":49}},"18":{"start":{"line":24,"column":22},"end":{"line":24,"column":29}},"19":{"start":{"line":25,"column":8},"end":{"line":35,"column":10}},"20":{"start":{"line":28,"column":12},"end":{"line":32,"column":13}},"21":{"start":{"line":29,"column":12},"end":{"line":29,"column":53}},"22":{"start":{"line":31,"column":12},"end":{"line":31,"column":48}},"23":{"start":{"line":34,"column":12},"end":{"line":34,"column":29}},"24":{"start":{"line":37,"column":4},"end":{"line":37,"column":20}},"25":{"start":{"line":41,"column":24},"end":{"line":51,"column":1}},"26":{"start":{"line":42,"column":4},"end":{"line":50,"column":7}},"27":{"start":{"line":43,"column":27},"end":{"line":43,"column":29}},"28":{"start":{"line":44,"column":8},"end":{"line":48,"column":10}},"29":{"start":{"line":45,"column":12},"end":{"line":47,"column":14}},"30":{"start":{"line":46,"column":16},"end":{"line":46,"column":37}},"31":{"start":{"line":49,"column":8},"end":{"line":49,"column":31}},"32":{"start":{"line":53,"column":26},"end":{"line":68,"column":1}},"33":{"start":{"line":55,"column":4},"end":{"line":67,"column":2}},"34":{"start":{"line":56,"column":27},"end":{"line":56,"column":29}},"35":{"start":{"line":57,"column":8},"end":{"line":64,"column":10}},"36":{"start":{"line":58,"column":12},"end":{"line":63,"column":14}},"37":{"start":{"line":59,"column":16},"end":{"line":62,"column":17}},"38":{"start":{"line":61,"column":20},"end":{"line":61,"column":64}},"39":{"start":{"line":65,"column":8},"end":{"line":65,"column":31}},"40":{"start":{"line":70,"column":17},"end":{"line":103,"column":1}},"41":{"start":{"line":72,"column":28},"end":{"line":72,"column":39}},"42":{"start":{"line":73,"column":4},"end":{"line":75,"column":5}},"43":{"start":{"line":74,"column":8},"end":{"line":74,"column":39}},"44":{"start":{"line":76,"column":18},"end":{"line":76,"column":53}},"45":{"start":{"line":77,"column":4},"end":{"line":101,"column":6}},"46":{"start":{"line":78,"column":8},"end":{"line":80,"column":9}},"47":{"start":{"line":79,"column":12},"end":{"line":79,"column":49}},"48":{"start":{"line":81,"column":22},"end":{"line":81,"column":29}},"49":{"start":{"line":83,"column":28},"end":{"line":83,"column":48}},"50":{"start":{"line":84,"column":23},"end":{"line":84,"column":26}},"51":{"start":{"line":86,"column":4},"end":{"line":98,"column":10}},"52":{"start":{"line":95,"column":12},"end":{"line":95,"column":33}},"53":{"start":{"line":97,"column":12},"end":{"line":97,"column":28}},"54":{"start":{"line":99,"column":8},"end":{"line":99,"column":23}},"55":{"start":{"line":105,"column":19},"end":{"line":218,"column":1}},"56":{"start":{"line":106,"column":28},"end":{"line":106,"column":39}},"57":{"start":{"line":107,"column":4},"end":{"line":109,"column":5}},"58":{"start":{"line":108,"column":8},"end":{"line":108,"column":39}},"59":{"start":{"line":110,"column":18},"end":{"line":110,"column":53}},"60":{"start":{"line":111,"column":4},"end":{"line":216,"column":6}},"61":{"start":{"line":113,"column":8},"end":{"line":115,"column":9}},"62":{"start":{"line":114,"column":12},"end":{"line":114,"column":49}},"63":{"start":{"line":116,"column":22},"end":{"line":116,"column":29}},"64":{"start":{"line":133,"column":4},"end":{"line":163,"column":7}},"65":{"start":{"line":134,"column":8},"end":{"line":134,"column":27}},"66":{"start":{"line":134,"column":17},"end":{"line":134,"column":27}},"67":{"start":{"line":135,"column":8},"end":{"line":162,"column":9}},"68":{"start":{"line":136,"column":12},"end":{"line":136,"column":41}},"69":{"start":{"line":138,"column":12},"end":{"line":156,"column":13}},"70":{"start":{"line":138,"column":25},"end":{"line":138,"column":26}},"71":{"start":{"line":139,"column":16},"end":{"line":139,"column":55}},"72":{"start":{"line":140,"column":16},"end":{"line":149,"column":17}},"73":{"start":{"line":140,"column":28},"end":{"line":140,"column":29}},"74":{"start":{"line":142,"column":20},"end":{"line":142,"column":89}},"75":{"start":{"line":143,"column":20},"end":{"line":148,"column":21}},"76":{"start":{"line":145,"column":24},"end":{"line":145,"column":122}},"77":{"start":{"line":146,"column":24},"end":{"line":146,"column":67}},"78":{"start":{"line":158,"column":12},"end":{"line":158,"column":25}},"79":{"start":{"line":159,"column":12},"end":{"line":159,"column":43}},"80":{"start":{"line":161,"column":12},"end":{"line":161,"column":36}},"81":{"start":{"line":215,"column":8},"end":{"line":215,"column":22}},"82":{"start":{"line":220,"column":26},"end":{"line":246,"column":1}},"83":{"start":{"line":221,"column":28},"end":{"line":221,"column":39}},"84":{"start":{"line":222,"column":4},"end":{"line":224,"column":5}},"85":{"start":{"line":223,"column":8},"end":{"line":223,"column":39}},"86":{"start":{"line":225,"column":18},"end":{"line":225,"column":53}},"87":{"start":{"line":226,"column":4},"end":{"line":245,"column":6}},"88":{"start":{"line":227,"column":8},"end":{"line":229,"column":9}},"89":{"start":{"line":228,"column":12},"end":{"line":228,"column":49}},"90":{"start":{"line":230,"column":22},"end":{"line":230,"column":29}},"91":{"start":{"line":232,"column":4},"end":{"line":243,"column":10}},"92":{"start":{"line":240,"column":12},"end":{"line":240,"column":29}},"93":{"start":{"line":242,"column":12},"end":{"line":242,"column":28}},"94":{"start":{"line":244,"column":8},"end":{"line":244,"column":28}},"95":{"start":{"line":248,"column":17},"end":{"line":256,"column":1}},"96":{"start":{"line":249,"column":4},"end":{"line":255,"column":6}},"97":{"start":{"line":250,"column":8},"end":{"line":254,"column":9}},"98":{"start":{"line":251,"column":12},"end":{"line":251,"column":27}},"99":{"start":{"line":253,"column":12},"end":{"line":253,"column":28}},"100":{"start":{"line":258,"column":19},"end":{"line":279,"column":1}},"101":{"start":{"line":259,"column":28},"end":{"line":259,"column":39}},"102":{"start":{"line":260,"column":4},"end":{"line":262,"column":5}},"103":{"start":{"line":261,"column":8},"end":{"line":261,"column":39}},"104":{"start":{"line":263,"column":18},"end":{"line":263,"column":53}},"105":{"start":{"line":264,"column":4},"end":{"line":277,"column":6}},"106":{"start":{"line":265,"column":8},"end":{"line":267,"column":9}},"107":{"start":{"line":266,"column":12},"end":{"line":266,"column":49}},"108":{"start":{"line":268,"column":22},"end":{"line":268,"column":29}},"109":{"start":{"line":270,"column":8},"end":{"line":276,"column":10}},"110":{"start":{"line":271,"column":12},"end":{"line":275,"column":13}},"111":{"start":{"line":272,"column":16},"end":{"line":272,"column":31}},"112":{"start":{"line":274,"column":16},"end":{"line":274,"column":32}},"113":{"start":{"line":282,"column":0},"end":{"line":282,"column":132}}},"fnMap":{"0":{"name":"(anonymous_0)","decl":{"start":{"line":6,"column":20},"end":{"line":6,"column":21}},"loc":{"start":{"line":6,"column":39},"end":{"line":39,"column":1}},"line":6},"1":{"name":"(anonymous_1)","decl":{"start":{"line":20,"column":34},"end":{"line":20,"column":35}},"loc":{"start":{"line":20,"column":52},"end":{"line":36,"column":5}},"line":20},"2":{"name":"(anonymous_2)","decl":{"start":{"line":27,"column":37},"end":{"line":27,"column":38}},"loc":{"start":{"line":27,"column":47},"end":{"line":33,"column":9}},"line":27},"3":{"name":"(anonymous_3)","decl":{"start":{"line":33,"column":17},"end":{"line":33,"column":18}},"loc":{"start":{"line":33,"column":26},"end":{"line":35,"column":9}},"line":33},"4":{"name":"(anonymous_4)","decl":{"start":{"line":41,"column":24},"end":{"line":41,"column":25}},"loc":{"start":{"line":41,"column":44},"end":{"line":51,"column":1}},"line":41},"5":{"name":"(anonymous_5)","decl":{"start":{"line":42,"column":22},"end":{"line":42,"column":23}},"loc":{"start":{"line":42,"column":30},"end":{"line":50,"column":5}},"line":42},"6":{"name":"(anonymous_6)","decl":{"start":{"line":44,"column":17},"end":{"line":44,"column":18}},"loc":{"start":{"line":44,"column":25},"end":{"line":48,"column":9}},"line":44},"7":{"name":"(anonymous_7)","decl":{"start":{"line":45,"column":32},"end":{"line":45,"column":33}},"loc":{"start":{"line":45,"column":39},"end":{"line":47,"column":13}},"line":45},"8":{"name":"(anonymous_8)","decl":{"start":{"line":53,"column":26},"end":{"line":53,"column":27}},"loc":{"start":{"line":53,"column":45},"end":{"line":68,"column":1}},"line":53},"9":{"name":"(anonymous_9)","decl":{"start":{"line":55,"column":22},"end":{"line":55,"column":23}},"loc":{"start":{"line":55,"column":30},"end":{"line":67,"column":1}},"line":55},"10":{"name":"(anonymous_10)","decl":{"start":{"line":57,"column":17},"end":{"line":57,"column":18}},"loc":{"start":{"line":57,"column":25},"end":{"line":64,"column":9}},"line":57},"11":{"name":"(anonymous_11)","decl":{"start":{"line":58,"column":32},"end":{"line":58,"column":33}},"loc":{"start":{"line":58,"column":39},"end":{"line":63,"column":13}},"line":58},"12":{"name":"(anonymous_12)","decl":{"start":{"line":70,"column":17},"end":{"line":70,"column":18}},"loc":{"start":{"line":70,"column":37},"end":{"line":103,"column":1}},"line":70},"13":{"name":"(anonymous_13)","decl":{"start":{"line":77,"column":34},"end":{"line":77,"column":35}},"loc":{"start":{"line":77,"column":52},"end":{"line":101,"column":5}},"line":77},"14":{"name":"(anonymous_14)","decl":{"start":{"line":94,"column":16},"end":{"line":94,"column":17}},"loc":{"start":{"line":94,"column":24},"end":{"line":96,"column":9}},"line":94},"15":{"name":"(anonymous_15)","decl":{"start":{"line":96,"column":18},"end":{"line":96,"column":19}},"loc":{"start":{"line":96,"column":25},"end":{"line":98,"column":9}},"line":96},"16":{"name":"(anonymous_16)","decl":{"start":{"line":105,"column":19},"end":{"line":105,"column":20}},"loc":{"start":{"line":105,"column":39},"end":{"line":218,"column":1}},"line":105},"17":{"name":"(anonymous_17)","decl":{"start":{"line":111,"column":34},"end":{"line":111,"column":35}},"loc":{"start":{"line":111,"column":52},"end":{"line":216,"column":5}},"line":111},"18":{"name":"(anonymous_18)","decl":{"start":{"line":133,"column":36},"end":{"line":133,"column":37}},"loc":{"start":{"line":133,"column":57},"end":{"line":163,"column":5}},"line":133},"19":{"name":"(anonymous_19)","decl":{"start":{"line":220,"column":26},"end":{"line":220,"column":27}},"loc":{"start":{"line":220,"column":46},"end":{"line":246,"column":1}},"line":220},"20":{"name":"(anonymous_20)","decl":{"start":{"line":226,"column":34},"end":{"line":226,"column":35}},"loc":{"start":{"line":226,"column":52},"end":{"line":245,"column":5}},"line":226},"21":{"name":"(anonymous_21)","decl":{"start":{"line":239,"column":16},"end":{"line":239,"column":17}},"loc":{"start":{"line":239,"column":24},"end":{"line":241,"column":9}},"line":239},"22":{"name":"(anonymous_22)","decl":{"start":{"line":241,"column":18},"end":{"line":241,"column":19}},"loc":{"start":{"line":241,"column":25},"end":{"line":243,"column":9}},"line":241},"23":{"name":"(anonymous_23)","decl":{"start":{"line":248,"column":17},"end":{"line":248,"column":18}},"loc":{"start":{"line":248,"column":37},"end":{"line":256,"column":1}},"line":248},"24":{"name":"(anonymous_24)","decl":{"start":{"line":249,"column":18},"end":{"line":249,"column":19}},"loc":{"start":{"line":249,"column":37},"end":{"line":255,"column":5}},"line":249},"25":{"name":"(anonymous_25)","decl":{"start":{"line":258,"column":19},"end":{"line":258,"column":20}},"loc":{"start":{"line":258,"column":39},"end":{"line":279,"column":1}},"line":258},"26":{"name":"(anonymous_26)","decl":{"start":{"line":264,"column":34},"end":{"line":264,"column":35}},"loc":{"start":{"line":264,"column":52},"end":{"line":277,"column":5}},"line":264},"27":{"name":"(anonymous_27)","decl":{"start":{"line":270,"column":44},"end":{"line":270,"column":45}},"loc":{"start":{"line":270,"column":63},"end":{"line":276,"column":9}},"line":270}},"branchMap":{"0":{"loc":{"start":{"line":12,"column":4},"end":{"line":14,"column":5}},"type":"if","locations":[{"start":{"line":12,"column":4},"end":{"line":14,"column":5}},{"start":{},"end":{}}],"line":12},"1":{"loc":{"start":{"line":12,"column":9},"end":{"line":12,"column":52}},"type":"binary-expr","locations":[{"start":{"line":12,"column":9},"end":{"line":12,"column":17}},{"start":{"line":12,"column":21},"end":{"line":12,"column":27}},{"start":{"line":12,"column":31},"end":{"line":12,"column":36}},{"start":{"line":12,"column":40},"end":{"line":12,"column":52}}],"line":12},"2":{"loc":{"start":{"line":16,"column":4},"end":{"line":18,"column":5}},"type":"if","locations":[{"start":{"line":16,"column":4},"end":{"line":18,"column":5}},{"start":{},"end":{}}],"line":16},"3":{"loc":{"start":{"line":21,"column":8},"end":{"line":23,"column":9}},"type":"if","locations":[{"start":{"line":21,"column":8},"end":{"line":23,"column":9}},{"start":{},"end":{}}],"line":21},"4":{"loc":{"start":{"line":28,"column":12},"end":{"line":32,"column":13}},"type":"if","locations":[{"start":{"line":28,"column":12},"end":{"line":32,"column":13}},{"start":{"line":30,"column":19},"end":{"line":32,"column":13}}],"line":28},"5":{"loc":{"start":{"line":59,"column":16},"end":{"line":62,"column":17}},"type":"if","locations":[{"start":{"line":59,"column":16},"end":{"line":62,"column":17}},{"start":{},"end":{}}],"line":59},"6":{"loc":{"start":{"line":73,"column":4},"end":{"line":75,"column":5}},"type":"if","locations":[{"start":{"line":73,"column":4},"end":{"line":75,"column":5}},{"start":{},"end":{}}],"line":73},"7":{"loc":{"start":{"line":78,"column":8},"end":{"line":80,"column":9}},"type":"if","locations":[{"start":{"line":78,"column":8},"end":{"line":80,"column":9}},{"start":{},"end":{}}],"line":78},"8":{"loc":{"start":{"line":107,"column":4},"end":{"line":109,"column":5}},"type":"if","locations":[{"start":{"line":107,"column":4},"end":{"line":109,"column":5}},{"start":{},"end":{}}],"line":107},"9":{"loc":{"start":{"line":113,"column":8},"end":{"line":115,"column":9}},"type":"if","locations":[{"start":{"line":113,"column":8},"end":{"line":115,"column":9}},{"start":{},"end":{}}],"line":113},"10":{"loc":{"start":{"line":134,"column":8},"end":{"line":134,"column":27}},"type":"if","locations":[{"start":{"line":134,"column":8},"end":{"line":134,"column":27}},{"start":{},"end":{}}],"line":134},"11":{"loc":{"start":{"line":135,"column":8},"end":{"line":162,"column":9}},"type":"if","locations":[{"start":{"line":135,"column":8},"end":{"line":162,"column":9}},{"start":{"line":160,"column":15},"end":{"line":162,"column":9}}],"line":135},"12":{"loc":{"start":{"line":143,"column":20},"end":{"line":148,"column":21}},"type":"if","locations":[{"start":{"line":143,"column":20},"end":{"line":148,"column":21}},{"start":{},"end":{}}],"line":143},"13":{"loc":{"start":{"line":222,"column":4},"end":{"line":224,"column":5}},"type":"if","locations":[{"start":{"line":222,"column":4},"end":{"line":224,"column":5}},{"start":{},"end":{}}],"line":222},"14":{"loc":{"start":{"line":227,"column":8},"end":{"line":229,"column":9}},"type":"if","locations":[{"start":{"line":227,"column":8},"end":{"line":229,"column":9}},{"start":{},"end":{}}],"line":227},"15":{"loc":{"start":{"line":250,"column":8},"end":{"line":254,"column":9}},"type":"if","locations":[{"start":{"line":250,"column":8},"end":{"line":254,"column":9}},{"start":{"line":252,"column":15},"end":{"line":254,"column":9}}],"line":250},"16":{"loc":{"start":{"line":260,"column":4},"end":{"line":262,"column":5}},"type":"if","locations":[{"start":{"line":260,"column":4},"end":{"line":262,"column":5}},{"start":{},"end":{}}],"line":260},"17":{"loc":{"start":{"line":265,"column":8},"end":{"line":267,"column":9}},"type":"if","locations":[{"start":{"line":265,"column":8},"end":{"line":267,"column":9}},{"start":{},"end":{}}],"line":265},"18":{"loc":{"start":{"line":271,"column":12},"end":{"line":275,"column":13}},"type":"if","locations":[{"start":{"line":271,"column":12},"end":{"line":275,"column":13}},{"start":{"line":273,"column":19},"end":{"line":275,"column":13}}],"line":271}},"s":{"0":1,"1":1,"2":1,"3":1,"4":1,"5":4,"6":4,"7":4,"8":4,"9":4,"10":4,"11":0,"12":0,"13":0,"14":0,"15":0,"16":0,"17":0,"18":0,"19":0,"20":0,"21":0,"22":0,"23":0,"24":0,"25":1,"26":1,"27":1,"28":1,"29":1,"30":0,"31":1,"32":1,"33":1,"34":1,"35":1,"36":1,"37":0,"38":0,"39":1,"40":1,"41":1,"42":1,"43":0,"44":1,"45":1,"46":1,"47":0,"48":1,"49":1,"50":1,"51":1,"52":1,"53":0,"54":1,"55":1,"56":1,"57":1,"58":0,"59":1,"60":1,"61":1,"62":0,"63":1,"64":1,"65":1,"66":0,"67":1,"68":1,"69":1,"70":1,"71":0,"72":0,"73":0,"74":0,"75":0,"76":0,"77":0,"78":1,"79":1,"80":0,"81":1,"82":1,"83":1,"84":1,"85":0,"86":1,"87":1,"88":1,"89":0,"90":1,"91":1,"92":1,"93":0,"94":1,"95":1,"96":1,"97":1,"98":0,"99":1,"100":1,"101":1,"102":1,"103":0,"104":1,"105":1,"106":1,"107":0,"108":1,"109":1,"110":1,"111":0,"112":1,"113":1},"f":{"0":4,"1":0,"2":0,"3":0,"4":1,"5":1,"6":1,"7":0,"8":1,"9":1,"10":1,"11":0,"12":1,"13":1,"14":1,"15":0,"16":1,"17":1,"18":1,"19":1,"20":1,"21":1,"22":0,"23":1,"24":1,"25":1,"26":1,"27":1},"b":{"0":[4,0],"1":[4,3,2,1],"2":[0,0],"3":[0,0],"4":[0,0],"5":[0,0],"6":[0,1],"7":[0,1],"8":[0,1],"9":[0,1],"10":[0,1],"11":[1,0],"12":[0,0],"13":[0,1],"14":[0,1],"15":[0,1],"16":[0,1],"17":[0,1],"18":[0,1]},"_coverageSchema":"1a1c01bbd47fc00a2c39e90264f33305004495a9","hash":"75c17da29e834fc5a8829f41b58c140351b7d32e"}
,"C:\\Users\\Dell\\Desktop\\Full Stack\\Exam-Project\\Exam-2\\fapi-exam-project-2-general-Cserne\\backend\\controllers\\login.js": {"path":"C:\\Users\\Dell\\Desktop\\Full Stack\\Exam-Project\\Exam-2\\fapi-exam-project-2-general-Cserne\\backend\\controllers\\login.js","statementMap":{"0":{"start":{"line":1,"column":0},"end":{"line":1,"column":27}},"1":{"start":{"line":2,"column":15},"end":{"line":2,"column":32}},"2":{"start":{"line":3,"column":12},"end":{"line":3,"column":35}},"3":{"start":{"line":4,"column":19},"end":{"line":4,"column":44}},"4":{"start":{"line":5,"column":19},"end":{"line":5,"column":41}},"5":{"start":{"line":7,"column":14},"end":{"line":31,"column":1}},"6":{"start":{"line":8,"column":32},"end":{"line":8,"column":40}},"7":{"start":{"line":9,"column":4},"end":{"line":11,"column":5}},"8":{"start":{"line":10,"column":7},"end":{"line":10,"column":74}},"9":{"start":{"line":12,"column":4},"end":{"line":30,"column":6}},"10":{"start":{"line":14,"column":8},"end":{"line":16,"column":9}},"11":{"start":{"line":15,"column":11},"end":{"line":15,"column":75}},"12":{"start":{"line":17,"column":8},"end":{"line":29,"column":10}},"13":{"start":{"line":19,"column":12},"end":{"line":25,"column":13}},"14":{"start":{"line":20,"column":29},"end":{"line":20,"column":71}},"15":{"start":{"line":21,"column":15},"end":{"line":21,"column":44}},"16":{"start":{"line":24,"column":16},"end":{"line":24,"column":80}},"17":{"start":{"line":28,"column":12},"end":{"line":28,"column":28}},"18":{"start":{"line":33,"column":0},"end":{"line":33,"column":23}}},"fnMap":{"0":{"name":"(anonymous_0)","decl":{"start":{"line":7,"column":14},"end":{"line":7,"column":15}},"loc":{"start":{"line":7,"column":34},"end":{"line":31,"column":1}},"line":7},"1":{"name":"(anonymous_1)","decl":{"start":{"line":13,"column":11},"end":{"line":13,"column":12}},"loc":{"start":{"line":13,"column":24},"end":{"line":30,"column":5}},"line":13},"2":{"name":"(anonymous_2)","decl":{"start":{"line":18,"column":14},"end":{"line":18,"column":15}},"loc":{"start":{"line":18,"column":25},"end":{"line":26,"column":9}},"line":18},"3":{"name":"(anonymous_3)","decl":{"start":{"line":27,"column":15},"end":{"line":27,"column":16}},"loc":{"start":{"line":27,"column":22},"end":{"line":29,"column":9}},"line":27}},"branchMap":{"0":{"loc":{"start":{"line":9,"column":4},"end":{"line":11,"column":5}},"type":"if","locations":[{"start":{"line":9,"column":4},"end":{"line":11,"column":5}},{"start":{},"end":{}}],"line":9},"1":{"loc":{"start":{"line":9,"column":8},"end":{"line":9,"column":27}},"type":"binary-expr","locations":[{"start":{"line":9,"column":8},"end":{"line":9,"column":14}},{"start":{"line":9,"column":18},"end":{"line":9,"column":27}}],"line":9},"2":{"loc":{"start":{"line":14,"column":8},"end":{"line":16,"column":9}},"type":"if","locations":[{"start":{"line":14,"column":8},"end":{"line":16,"column":9}},{"start":{},"end":{}}],"line":14},"3":{"loc":{"start":{"line":19,"column":12},"end":{"line":25,"column":13}},"type":"if","locations":[{"start":{"line":19,"column":12},"end":{"line":25,"column":13}},{"start":{"line":23,"column":16},"end":{"line":25,"column":13}}],"line":19}},"s":{"0":1,"1":1,"2":1,"3":1,"4":1,"5":1,"6":0,"7":0,"8":0,"9":0,"10":0,"11":0,"12":0,"13":0,"14":0,"15":0,"16":0,"17":0,"18":1},"f":{"0":0,"1":0,"2":0,"3":0},"b":{"0":[0,0],"1":[0,0],"2":[0,0],"3":[0,0]},"_coverageSchema":"1a1c01bbd47fc00a2c39e90264f33305004495a9","hash":"20c9dd283f15bd8c296de037dcaf0860f209b286"}
,"C:\\Users\\Dell\\Desktop\\Full Stack\\Exam-Project\\Exam-2\\fapi-exam-project-2-general-Cserne\\backend\\controllers\\signup.js": {"path":"C:\\Users\\Dell\\Desktop\\Full Stack\\Exam-Project\\Exam-2\\fapi-exam-project-2-general-Cserne\\backend\\controllers\\signup.js","statementMap":{"0":{"start":{"line":1,"column":0},"end":{"line":1,"column":27}},"1":{"start":{"line":2,"column":15},"end":{"line":2,"column":32}},"2":{"start":{"line":3,"column":24},"end":{"line":3,"column":41}},"3":{"start":{"line":4,"column":13},"end":{"line":4,"column":38}},"4":{"start":{"line":6,"column":17},"end":{"line":36,"column":1}},"5":{"start":{"line":7,"column":42},"end":{"line":7,"column":50}},"6":{"start":{"line":8,"column":2},"end":{"line":10,"column":3}},"7":{"start":{"line":9,"column":5},"end":{"line":9,"column":61}},"8":{"start":{"line":11,"column":2},"end":{"line":35,"column":4}},"9":{"start":{"line":13,"column":6},"end":{"line":15,"column":7}},"10":{"start":{"line":14,"column":8},"end":{"line":14,"column":75}},"11":{"start":{"line":16,"column":6},"end":{"line":30,"column":8}},"12":{"start":{"line":18,"column":25},"end":{"line":22,"column":14}},"13":{"start":{"line":23,"column":12},"end":{"line":29,"column":14}},"14":{"start":{"line":25,"column":16},"end":{"line":25,"column":56}},"15":{"start":{"line":28,"column":16},"end":{"line":28,"column":32}},"16":{"start":{"line":34,"column":4},"end":{"line":34,"column":20}},"17":{"start":{"line":38,"column":0},"end":{"line":38,"column":26}}},"fnMap":{"0":{"name":"(anonymous_0)","decl":{"start":{"line":6,"column":17},"end":{"line":6,"column":18}},"loc":{"start":{"line":6,"column":37},"end":{"line":36,"column":1}},"line":6},"1":{"name":"(anonymous_1)","decl":{"start":{"line":12,"column":8},"end":{"line":12,"column":9}},"loc":{"start":{"line":12,"column":25},"end":{"line":32,"column":3}},"line":12},"2":{"name":"(anonymous_2)","decl":{"start":{"line":17,"column":13},"end":{"line":17,"column":14}},"loc":{"start":{"line":17,"column":31},"end":{"line":30,"column":7}},"line":17},"3":{"name":"(anonymous_3)","decl":{"start":{"line":24,"column":19},"end":{"line":24,"column":20}},"loc":{"start":{"line":24,"column":27},"end":{"line":26,"column":13}},"line":24},"4":{"name":"(anonymous_4)","decl":{"start":{"line":27,"column":20},"end":{"line":27,"column":21}},"loc":{"start":{"line":27,"column":27},"end":{"line":29,"column":13}},"line":27},"5":{"name":"(anonymous_5)","decl":{"start":{"line":33,"column":9},"end":{"line":33,"column":10}},"loc":{"start":{"line":33,"column":16},"end":{"line":35,"column":3}},"line":33}},"branchMap":{"0":{"loc":{"start":{"line":8,"column":2},"end":{"line":10,"column":3}},"type":"if","locations":[{"start":{"line":8,"column":2},"end":{"line":10,"column":3}},{"start":{},"end":{}}],"line":8},"1":{"loc":{"start":{"line":8,"column":6},"end":{"line":8,"column":38}},"type":"binary-expr","locations":[{"start":{"line":8,"column":6},"end":{"line":8,"column":12}},{"start":{"line":8,"column":16},"end":{"line":8,"column":25}},{"start":{"line":8,"column":29},"end":{"line":8,"column":38}}],"line":8},"2":{"loc":{"start":{"line":13,"column":6},"end":{"line":15,"column":7}},"type":"if","locations":[{"start":{"line":13,"column":6},"end":{"line":15,"column":7}},{"start":{},"end":{}}],"line":13}},"s":{"0":1,"1":1,"2":1,"3":1,"4":1,"5":0,"6":0,"7":0,"8":0,"9":0,"10":0,"11":0,"12":0,"13":0,"14":0,"15":0,"16":0,"17":1},"f":{"0":0,"1":0,"2":0,"3":0,"4":0,"5":0},"b":{"0":[0,0],"1":[0,0,0],"2":[0,0]},"_coverageSchema":"1a1c01bbd47fc00a2c39e90264f33305004495a9","hash":"150cdee4782d1dff4193426d4badb9cb1836a1b5"}
,"C:\\Users\\Dell\\Desktop\\Full Stack\\Exam-Project\\Exam-2\\fapi-exam-project-2-general-Cserne\\backend\\middleware\\requireLogin.js": {"path":"C:\\Users\\Dell\\Desktop\\Full Stack\\Exam-Project\\Exam-2\\fapi-exam-project-2-general-Cserne\\backend\\middleware\\requireLogin.js","statementMap":{"0":{"start":{"line":1,"column":12},"end":{"line":1,"column":35}},"1":{"start":{"line":2,"column":19},"end":{"line":2,"column":41}},"2":{"start":{"line":3,"column":13},"end":{"line":3,"column":38}},"3":{"start":{"line":5,"column":21},"end":{"line":21,"column":1}},"4":{"start":{"line":6,"column":28},"end":{"line":6,"column":39}},"5":{"start":{"line":7,"column":4},"end":{"line":9,"column":5}},"6":{"start":{"line":8,"column":8},"end":{"line":8,"column":39}},"7":{"start":{"line":10,"column":18},"end":{"line":10,"column":53}},"8":{"start":{"line":11,"column":4},"end":{"line":20,"column":6}},"9":{"start":{"line":12,"column":8},"end":{"line":14,"column":9}},"10":{"start":{"line":13,"column":12},"end":{"line":13,"column":49}},"11":{"start":{"line":15,"column":22},"end":{"line":15,"column":29}},"12":{"start":{"line":16,"column":8},"end":{"line":19,"column":10}},"13":{"start":{"line":17,"column":12},"end":{"line":17,"column":32}},"14":{"start":{"line":18,"column":12},"end":{"line":18,"column":19}},"15":{"start":{"line":23,"column":0},"end":{"line":23,"column":30}}},"fnMap":{"0":{"name":"(anonymous_0)","decl":{"start":{"line":5,"column":21},"end":{"line":5,"column":22}},"loc":{"start":{"line":5,"column":41},"end":{"line":21,"column":1}},"line":5},"1":{"name":"(anonymous_1)","decl":{"start":{"line":11,"column":34},"end":{"line":11,"column":35}},"loc":{"start":{"line":11,"column":52},"end":{"line":20,"column":5}},"line":11},"2":{"name":"(anonymous_2)","decl":{"start":{"line":16,"column":32},"end":{"line":16,"column":33}},"loc":{"start":{"line":16,"column":44},"end":{"line":19,"column":9}},"line":16}},"branchMap":{"0":{"loc":{"start":{"line":7,"column":4},"end":{"line":9,"column":5}},"type":"if","locations":[{"start":{"line":7,"column":4},"end":{"line":9,"column":5}},{"start":{},"end":{}}],"line":7},"1":{"loc":{"start":{"line":12,"column":8},"end":{"line":14,"column":9}},"type":"if","locations":[{"start":{"line":12,"column":8},"end":{"line":14,"column":9}},{"start":{},"end":{}}],"line":12}},"s":{"0":1,"1":1,"2":1,"3":1,"4":11,"5":11,"6":0,"7":11,"8":11,"9":11,"10":0,"11":11,"12":11,"13":11,"14":11,"15":1},"f":{"0":11,"1":11,"2":11},"b":{"0":[0,11],"1":[0,11]},"_coverageSchema":"1a1c01bbd47fc00a2c39e90264f33305004495a9","hash":"c26fdb66dc32d3e8e713d9fa8137ecd3ac3c63c3"}
,"C:\\Users\\Dell\\Desktop\\Full Stack\\Exam-Project\\Exam-2\\fapi-exam-project-2-general-Cserne\\backend\\models\\user.js": {"path":"C:\\Users\\Dell\\Desktop\\Full Stack\\Exam-Project\\Exam-2\\fapi-exam-project-2-general-Cserne\\backend\\models\\user.js","statementMap":{"0":{"start":{"line":1,"column":17},"end":{"line":1,"column":36}},"1":{"start":{"line":3,"column":19},"end":{"line":6,"column":2}},"2":{"start":{"line":8,"column":26},"end":{"line":15,"column":2}},"3":{"start":{"line":17,"column":19},"end":{"line":22,"column":2}},"4":{"start":{"line":24,"column":13},"end":{"line":24,"column":47}},"5":{"start":{"line":26,"column":0},"end":{"line":26,"column":22}}},"fnMap":{},"branchMap":{},"s":{"0":1,"1":1,"2":1,"3":1,"4":1,"5":1},"f":{},"b":{},"_coverageSchema":"1a1c01bbd47fc00a2c39e90264f33305004495a9","hash":"935f9b4ce00bcf9640937dfacce35df834e79129"}
,"C:\\Users\\Dell\\Desktop\\Full Stack\\Exam-Project\\Exam-2\\fapi-exam-project-2-general-Cserne\\backend\\routes\\helpRequest.js": {"path":"C:\\Users\\Dell\\Desktop\\Full Stack\\Exam-Project\\Exam-2\\fapi-exam-project-2-general-Cserne\\backend\\routes\\helpRequest.js","statementMap":{"0":{"start":{"line":1,"column":15},"end":{"line":1,"column":42}},"1":{"start":{"line":2,"column":21},"end":{"line":2,"column":58}},"2":{"start":{"line":3,"column":23},"end":{"line":3,"column":60}},"3":{"start":{"line":4,"column":24},"end":{"line":4,"column":61}},"4":{"start":{"line":5,"column":28},"end":{"line":5,"column":65}},"5":{"start":{"line":6,"column":30},"end":{"line":6,"column":67}},"6":{"start":{"line":7,"column":30},"end":{"line":7,"column":67}},"7":{"start":{"line":8,"column":21},"end":{"line":8,"column":58}},"8":{"start":{"line":9,"column":23},"end":{"line":9,"column":60}},"9":{"start":{"line":11,"column":21},"end":{"line":11,"column":58}},"10":{"start":{"line":13,"column":0},"end":{"line":13,"column":48}},"11":{"start":{"line":14,"column":0},"end":{"line":14,"column":62}},"12":{"start":{"line":15,"column":0},"end":{"line":15,"column":59}},"13":{"start":{"line":16,"column":0},"end":{"line":16,"column":62}},"14":{"start":{"line":17,"column":0},"end":{"line":17,"column":83}},"15":{"start":{"line":18,"column":0},"end":{"line":18,"column":70}},"16":{"start":{"line":19,"column":0},"end":{"line":19,"column":77}},"17":{"start":{"line":20,"column":0},"end":{"line":20,"column":78}},"18":{"start":{"line":22,"column":0},"end":{"line":22,"column":24}}},"fnMap":{},"branchMap":{},"s":{"0":1,"1":1,"2":1,"3":1,"4":1,"5":1,"6":1,"7":1,"8":1,"9":1,"10":1,"11":1,"12":1,"13":1,"14":1,"15":1,"16":1,"17":1,"18":1},"f":{},"b":{},"_coverageSchema":"1a1c01bbd47fc00a2c39e90264f33305004495a9","hash":"13f015dfa0b6c7012feb18b9d02f1dd027b71c59"}
,"C:\\Users\\Dell\\Desktop\\Full Stack\\Exam-Project\\Exam-2\\fapi-exam-project-2-general-Cserne\\backend\\routes\\login.js": {"path":"C:\\Users\\Dell\\Desktop\\Full Stack\\Exam-Project\\Exam-2\\fapi-exam-project-2-general-Cserne\\backend\\routes\\login.js","statementMap":{"0":{"start":{"line":1,"column":15},"end":{"line":1,"column":42}},"1":{"start":{"line":2,"column":14},"end":{"line":2,"column":45}},"2":{"start":{"line":4,"column":0},"end":{"line":4,"column":24}},"3":{"start":{"line":6,"column":0},"end":{"line":6,"column":24}}},"fnMap":{},"branchMap":{},"s":{"0":1,"1":1,"2":1,"3":1},"f":{},"b":{},"_coverageSchema":"1a1c01bbd47fc00a2c39e90264f33305004495a9","hash":"656cc12d4c16d3e4916f91e88a5dd51c464d8f44"}
,"C:\\Users\\Dell\\Desktop\\Full Stack\\Exam-Project\\Exam-2\\fapi-exam-project-2-general-Cserne\\backend\\routes\\signup.js": {"path":"C:\\Users\\Dell\\Desktop\\Full Stack\\Exam-Project\\Exam-2\\fapi-exam-project-2-general-Cserne\\backend\\routes\\signup.js","statementMap":{"0":{"start":{"line":1,"column":15},"end":{"line":1,"column":42}},"1":{"start":{"line":3,"column":17},"end":{"line":3,"column":49}},"2":{"start":{"line":5,"column":0},"end":{"line":5,"column":27}},"3":{"start":{"line":9,"column":0},"end":{"line":9,"column":24}}},"fnMap":{},"branchMap":{},"s":{"0":1,"1":1,"2":1,"3":1},"f":{},"b":{},"_coverageSchema":"1a1c01bbd47fc00a2c39e90264f33305004495a9","hash":"beb54a187d89a4ec2e116af676281fa68a789738"}
,"C:\\Users\\Dell\\Desktop\\Full Stack\\Exam-Project\\Exam-2\\fapi-exam-project-2-general-Cserne\\backend\\tests\\util\\inMemoryDB.js": {"path":"C:\\Users\\Dell\\Desktop\\Full Stack\\Exam-Project\\Exam-2\\fapi-exam-project-2-general-Cserne\\backend\\tests\\util\\inMemoryDB.js","statementMap":{"0":{"start":{"line":1,"column":30},"end":{"line":1,"column":63}},"1":{"start":{"line":2,"column":17},"end":{"line":2,"column":36}},"2":{"start":{"line":4,"column":16},"end":{"line":9,"column":1}},"3":{"start":{"line":5,"column":19},"end":{"line":5,"column":51}},"4":{"start":{"line":6,"column":16},"end":{"line":6,"column":31}},"5":{"start":{"line":7,"column":23},"end":{"line":7,"column":50}},"6":{"start":{"line":8,"column":4},"end":{"line":8,"column":32}},"7":{"start":{"line":11,"column":18},"end":{"line":17,"column":5}},"8":{"start":{"line":15,"column":25},"end":{"line":15,"column":79}},"9":{"start":{"line":15,"column":55},"end":{"line":15,"column":78}},"10":{"start":{"line":16,"column":8},"end":{"line":16,"column":36}},"11":{"start":{"line":19,"column":15},"end":{"line":22,"column":1}},"12":{"start":{"line":20,"column":4},"end":{"line":20,"column":34}},"13":{"start":{"line":21,"column":4},"end":{"line":21,"column":24}},"14":{"start":{"line":24,"column":0},"end":{"line":24,"column":48}}},"fnMap":{"0":{"name":"(anonymous_0)","decl":{"start":{"line":4,"column":16},"end":{"line":4,"column":17}},"loc":{"start":{"line":4,"column":28},"end":{"line":9,"column":1}},"line":4},"1":{"name":"(anonymous_1)","decl":{"start":{"line":11,"column":18},"end":{"line":11,"column":19}},"loc":{"start":{"line":11,"column":46},"end":{"line":17,"column":5}},"line":11},"2":{"name":"(anonymous_2)","decl":{"start":{"line":15,"column":41},"end":{"line":15,"column":42}},"loc":{"start":{"line":15,"column":55},"end":{"line":15,"column":78}},"line":15},"3":{"name":"(anonymous_3)","decl":{"start":{"line":19,"column":15},"end":{"line":19,"column":16}},"loc":{"start":{"line":19,"column":45},"end":{"line":22,"column":1}},"line":19}},"branchMap":{},"s":{"0":1,"1":1,"2":1,"3":1,"4":1,"5":1,"6":1,"7":1,"8":11,"9":11,"10":11,"11":1,"12":1,"13":1,"14":1},"f":{"0":1,"1":11,"2":11,"3":1},"b":{},"_coverageSchema":"1a1c01bbd47fc00a2c39e90264f33305004495a9","hash":"1e82358dddffd6d9a45c236d3c3f760d05e640a8"}
}
