TN:
SF:app.js
FNF:0
FNH:0
DA:1,1
DA:2,1
DA:3,1
DA:5,1
DA:6,1
DA:7,1
DA:9,1
DA:11,1
DA:13,1
DA:18,1
DA:20,1
DA:24,1
DA:25,1
DA:26,1
DA:32,1
LF:15
LH:15
BRF:0
BRH:0
end_of_record
TN:
SF:controllers\helpRequest.js
FN:6,(anonymous_0)
FN:20,(anonymous_1)
FN:27,(anonymous_2)
FN:33,(anonymous_3)
FN:41,(anonymous_4)
FN:42,(anonymous_5)
FN:44,(anonymous_6)
FN:45,(anonymous_7)
FN:53,(anonymous_8)
FN:55,(anonymous_9)
FN:57,(anonymous_10)
FN:58,(anonymous_11)
FN:70,(anonymous_12)
FN:77,(anonymous_13)
FN:94,(anonymous_14)
FN:96,(anonymous_15)
FN:105,(anonymous_16)
FN:111,(anonymous_17)
FN:133,(anonymous_18)
FN:220,(anonymous_19)
FN:226,(anonymous_20)
FN:239,(anonymous_21)
FN:241,(anonymous_22)
FN:248,(anonymous_23)
FN:249,(anonymous_24)
FN:258,(anonymous_25)
FN:264,(anonymous_26)
FN:270,(anonymous_27)
FNF:28
FNH:21
FNDA:4,(anonymous_0)
FNDA:0,(anonymous_1)
FNDA:0,(anonymous_2)
FNDA:0,(anonymous_3)
FNDA:1,(anonymous_4)
FNDA:1,(anonymous_5)
FNDA:1,(anonymous_6)
FNDA:0,(anonymous_7)
FNDA:1,(anonymous_8)
FNDA:1,(anonymous_9)
FNDA:1,(anonymous_10)
FNDA:0,(anonymous_11)
FNDA:1,(anonymous_12)
FNDA:1,(anonymous_13)
FNDA:1,(anonymous_14)
FNDA:0,(anonymous_15)
FNDA:1,(anonymous_16)
FNDA:1,(anonymous_17)
FNDA:1,(anonymous_18)
FNDA:1,(anonymous_19)
FNDA:1,(anonymous_20)
FNDA:1,(anonymous_21)
FNDA:0,(anonymous_22)
FNDA:1,(anonymous_23)
FNDA:1,(anonymous_24)
FNDA:1,(anonymous_25)
FNDA:1,(anonymous_26)
FNDA:1,(anonymous_27)
DA:1,1
DA:2,1
DA:3,1
DA:4,1
DA:6,1
DA:7,4
DA:8,4
DA:9,4
DA:10,4
DA:12,4
DA:13,4
DA:15,0
DA:16,0
DA:17,0
DA:19,0
DA:20,0
DA:21,0
DA:22,0
DA:24,0
DA:25,0
DA:28,0
DA:29,0
DA:31,0
DA:34,0
DA:37,0
DA:41,1
DA:42,1
DA:43,1
DA:44,1
DA:45,1
DA:46,0
DA:49,1
DA:53,1
DA:55,1
DA:56,1
DA:57,1
DA:58,1
DA:59,0
DA:61,0
DA:65,1
DA:70,1
DA:72,1
DA:73,1
DA:74,0
DA:76,1
DA:77,1
DA:78,1
DA:79,0
DA:81,1
DA:83,1
DA:84,1
DA:86,1
DA:95,1
DA:97,0
DA:99,1
DA:105,1
DA:106,1
DA:107,1
DA:108,0
DA:110,1
DA:111,1
DA:113,1
DA:114,0
DA:116,1
DA:133,1
DA:134,1
DA:135,1
DA:136,1
DA:138,1
DA:139,0
DA:140,0
DA:142,0
DA:143,0
DA:145,0
DA:146,0
DA:158,1
DA:159,1
DA:161,0
DA:215,1
DA:220,1
DA:221,1
DA:222,1
DA:223,0
DA:225,1
DA:226,1
DA:227,1
DA:228,0
DA:230,1
DA:232,1
DA:240,1
DA:242,0
DA:244,1
DA:248,1
DA:249,1
DA:250,1
DA:251,0
DA:253,1
DA:258,1
DA:259,1
DA:260,1
DA:261,0
DA:263,1
DA:264,1
DA:265,1
DA:266,0
DA:268,1
DA:270,1
DA:271,1
DA:272,0
DA:274,1
DA:282,1
LF:111
LH:75
BRDA:12,0,0,4
BRDA:12,0,1,0
BRDA:12,1,0,4
BRDA:12,1,1,3
BRDA:12,1,2,2
BRDA:12,1,3,1
BRDA:16,2,0,0
BRDA:16,2,1,0
BRDA:21,3,0,0
BRDA:21,3,1,0
BRDA:28,4,0,0
BRDA:28,4,1,0
BRDA:59,5,0,0
BRDA:59,5,1,0
BRDA:73,6,0,0
BRDA:73,6,1,1
BRDA:78,7,0,0
BRDA:78,7,1,1
BRDA:107,8,0,0
BRDA:107,8,1,1
BRDA:113,9,0,0
BRDA:113,9,1,1
BRDA:134,10,0,0
BRDA:134,10,1,1
BRDA:135,11,0,1
BRDA:135,11,1,0
BRDA:143,12,0,0
BRDA:143,12,1,0
BRDA:222,13,0,0
BRDA:222,13,1,1
BRDA:227,14,0,0
BRDA:227,14,1,1
BRDA:250,15,0,0
BRDA:250,15,1,1
BRDA:260,16,0,0
BRDA:260,16,1,1
BRDA:265,17,0,0
BRDA:265,17,1,1
BRDA:271,18,0,0
BRDA:271,18,1,1
BRF:40
BRH:17
end_of_record
TN:
SF:controllers\login.js
FN:7,(anonymous_0)
FN:13,(anonymous_1)
FN:18,(anonymous_2)
FN:27,(anonymous_3)
FNF:4
FNH:0
FNDA:0,(anonymous_0)
FNDA:0,(anonymous_1)
FNDA:0,(anonymous_2)
FNDA:0,(anonymous_3)
DA:1,1
DA:2,1
DA:3,1
DA:4,1
DA:5,1
DA:7,1
DA:8,0
DA:9,0
DA:10,0
DA:12,0
DA:14,0
DA:15,0
DA:17,0
DA:19,0
DA:20,0
DA:21,0
DA:24,0
DA:28,0
DA:33,1
LF:19
LH:7
BRDA:9,0,0,0
BRDA:9,0,1,0
BRDA:9,1,0,0
BRDA:9,1,1,0
BRDA:14,2,0,0
BRDA:14,2,1,0
BRDA:19,3,0,0
BRDA:19,3,1,0
BRF:8
BRH:0
end_of_record
TN:
SF:controllers\signup.js
FN:6,(anonymous_0)
FN:12,(anonymous_1)
FN:17,(anonymous_2)
FN:24,(anonymous_3)
FN:27,(anonymous_4)
FN:33,(anonymous_5)
FNF:6
FNH:0
FNDA:0,(anonymous_0)
FNDA:0,(anonymous_1)
FNDA:0,(anonymous_2)
FNDA:0,(anonymous_3)
FNDA:0,(anonymous_4)
FNDA:0,(anonymous_5)
DA:1,1
DA:2,1
DA:3,1
DA:4,1
DA:6,1
DA:7,0
DA:8,0
DA:9,0
DA:11,0
DA:13,0
DA:14,0
DA:16,0
DA:18,0
DA:23,0
DA:25,0
DA:28,0
DA:34,0
DA:38,1
LF:18
LH:6
BRDA:8,0,0,0
BRDA:8,0,1,0
BRDA:8,1,0,0
BRDA:8,1,1,0
BRDA:8,1,2,0
BRDA:13,2,0,0
BRDA:13,2,1,0
BRF:7
BRH:0
end_of_record
TN:
SF:middleware\requireLogin.js
FN:5,(anonymous_0)
FN:11,(anonymous_1)
FN:16,(anonymous_2)
FNF:3
FNH:3
FNDA:11,(anonymous_0)
FNDA:11,(anonymous_1)
FNDA:11,(anonymous_2)
DA:1,1
DA:2,1
DA:3,1
DA:5,1
DA:6,11
DA:7,11
DA:8,0
DA:10,11
DA:11,11
DA:12,11
DA:13,0
DA:15,11
DA:16,11
DA:17,11
DA:18,11
DA:23,1
LF:16
LH:14
BRDA:7,0,0,0
BRDA:7,0,1,11
BRDA:12,1,0,0
BRDA:12,1,1,11
BRF:4
BRH:2
end_of_record
TN:
SF:models\user.js
FNF:0
FNH:0
DA:1,1
DA:3,1
DA:8,1
DA:17,1
DA:24,1
DA:26,1
LF:6
LH:6
BRF:0
BRH:0
end_of_record
TN:
SF:routes\helpRequest.js
FNF:0
FNH:0
DA:1,1
DA:2,1
DA:3,1
DA:4,1
DA:5,1
DA:6,1
DA:7,1
DA:8,1
DA:9,1
DA:11,1
DA:13,1
DA:14,1
DA:15,1
DA:16,1
DA:17,1
DA:18,1
DA:19,1
DA:20,1
DA:22,1
LF:19
LH:19
BRF:0
BRH:0
end_of_record
TN:
SF:routes\login.js
FNF:0
FNH:0
DA:1,1
DA:2,1
DA:4,1
DA:6,1
LF:4
LH:4
BRF:0
BRH:0
end_of_record
TN:
SF:routes\signup.js
FNF:0
FNH:0
DA:1,1
DA:3,1
DA:5,1
DA:9,1
LF:4
LH:4
BRF:0
BRH:0
end_of_record
TN:
SF:tests\util\inMemoryDB.js
FN:4,(anonymous_0)
FN:11,(anonymous_1)
FN:15,(anonymous_2)
FN:19,(anonymous_3)
FNF:4
FNH:4
FNDA:1,(anonymous_0)
FNDA:11,(anonymous_1)
FNDA:11,(anonymous_2)
FNDA:1,(anonymous_3)
DA:1,1
DA:2,1
DA:4,1
DA:5,1
DA:6,1
DA:7,1
DA:8,1
DA:11,1
DA:15,11
DA:16,11
DA:19,1
DA:20,1
DA:21,1
DA:24,1
LF:14
LH:14
BRF:0
BRH:0
end_of_record
